2025-08-20 12:11:32,883 - INFO - Script started
2025-08-20 12:11:33,658 - INFO - Loaded master file: master.xlsx (212 rows)
2025-08-20 12:11:34,361 - INFO - Processed file: 18WHE transaction nice col hf 08192025_1700.xlsx
2025-08-20 12:11:34,361 - INFO - Current master row count: 212
2025-08-20 12:11:34,417 - INFO - Preview:
  Facility  Customer Order Type  Dept#  ... Pallet QTY         Tracking No Units Per Pallet       EAN/UPC
0  18W-CAN  TPVISION    Regular    NaN  ...     0.0048                 NaN                3  840063203495
1  18W-CAN  TPVISION    Regular    NaN  ...     0.0757                 NaN                2  840063203563
2  18W-CAN  TPVISION    Regular    NaN  ...     0.0758                 NaN                2  840063203563
3  18W-CAN  TPVISION    Regular    NaN  ...     0.0082  1Z56E39W2016460389                3  840063201750
4  18W-CAN  TPVISION    Regular    NaN  ...     0.0278  1Z56E39W2016460389                2  840063202368

[5 rows x 54 columns]
2025-08-20 12:11:34,783 - INFO - Master rows AFTER append: 212
2025-08-20 12:11:34,783 - INFO - Master file updated successfully.
2025-08-20 12:24:19,143 - INFO - Script started
2025-08-20 12:24:19,840 - INFO - Loaded master file: master.xlsx (212 rows)
2025-08-20 12:24:19,843 - INFO - Processing latest file: 18WHE transaction nice col hf 08192025_1700.xlsx
2025-08-20 12:24:20,123 - INFO - Current master row count: 212
2025-08-20 12:24:20,165 - INFO - Preview:
  Facility  Customer Order Type  Dept#  ... Pallet QTY         Tracking No Units Per Pallet       EAN/UPC
0  18W-CAN  TPVISION    Regular    NaN  ...     0.0048                 NaN                3  840063203495
1  18W-CAN  TPVISION    Regular    NaN  ...     0.0757                 NaN                2  840063203563
2  18W-CAN  TPVISION    Regular    NaN  ...     0.0758                 NaN                2  840063203563
3  18W-CAN  TPVISION    Regular    NaN  ...     0.0082  1Z56E39W2016460389                3  840063201750
4  18W-CAN  TPVISION    Regular    NaN  ...     0.0278  1Z56E39W2016460389                2  840063202368

[5 rows x 54 columns]
2025-08-20 12:24:20,392 - INFO - Master rows AFTER append: 212
2025-08-20 12:24:20,392 - INFO - Master file updated successfully.
2025-08-20 17:07:14,927 - INFO - Script started
2025-08-20 17:07:14,929 - INFO - No existing master file found. Starting new DataFrame.
2025-08-20 17:07:14,931 - INFO - Processing latest file: 18WHE transaction nice col hf 08202025_1700.xlsx
2025-08-20 17:07:16,709 - INFO - Current master row count: 175
2025-08-20 17:07:16,753 - INFO - Preview:
  Facility  Customer Order Type  Dept#  ... Units Per Pallet       EAN/UPC Internal Line         Internal
0  18W-CAN  TPVISION    Regular    NaN  ...                3  840063203495         10000  S00301242-10000
1  18W-CAN  TPVISION    Regular    NaN  ...                2  840063203563         10000  S00302918-10000
2  18W-CAN  TPVISION    Regular    NaN  ...                2  840063203563         20000  S00302918-20000
3  18W-CAN  TPVISION    Regular    NaN  ...                3  840063201750         10000  S00302919-10000
4  18W-CAN  TPVISION    Regular    NaN  ...                2  840063202368         20000  S00302919-20000

[5 rows x 56 columns]
2025-08-20 17:07:17,063 - INFO - Master rows AFTER append: 175
2025-08-20 17:07:17,063 - INFO - Master file updated successfully.
