2025-08-18 17:53:01,727 - INFO - Script started
2025-08-18 17:53:05,395 - INFO - Master rows BEFORE append: 174
2025-08-18 17:53:05,700 - INFO - Downloaded attachment: 18WHE transaction nice col hf 08182025_1700.xlsx
2025-08-18 17:53:06,102 - INFO - Current master row count: 212
2025-08-18 17:53:06,187 - INFO - Attachment preview:
  Facility  Customer Order Type  Dept#  ... Pallet QTY         Tracking No Units Per Pallet       EAN/UPC
0  18W-CAN  TPVISION    Regular    NaN  ...     0.0048                 NaN                3  840063203495
1  18W-CAN  TPVISION    Regular    NaN  ...     0.0757                 NaN                2  840063203563
2  18W-CAN  TPVISION    Regular    NaN  ...     0.0758                 NaN                2  840063203563
3  18W-CAN  TPVISION    Regular    NaN  ...     0.0082  1Z56E39W2016460389                3  840063201750
4  18W-CAN  TPVISION    Regular    NaN  ...     0.0278  1Z56E39W2016460389                2  840063202368

[5 rows x 54 columns]
2025-08-18 17:53:06,354 - INFO - Downloaded attachment: 18WHE transaction nice col hf 08182025_1430.xlsx
2025-08-18 17:53:06,646 - INFO - Current master row count: 212
2025-08-18 17:53:06,689 - INFO - Attachment preview:
  Facility  Customer Order Type  Dept#  ... Pallet QTY         Tracking No Units Per Pallet       EAN/UPC
0  18W-CAN  TPVISION    Regular    NaN  ...     0.0048                 NaN                3  840063203495
1  18W-CAN  TPVISION    Regular    NaN  ...     0.0757                 NaN                2  840063203563
2  18W-CAN  TPVISION    Regular    NaN  ...     0.0758                 NaN                2  840063203563
3  18W-CAN  TPVISION    Regular    NaN  ...     0.0082  1Z56E39W2016460389                3  840063201750
4  18W-CAN  TPVISION    Regular    NaN  ...     0.0278  1Z56E39W2016460389                2  840063202368

[5 rows x 54 columns]
2025-08-18 17:53:06,747 - INFO - Downloaded attachment: 18WHE transaction nice col hf 08182025_1430.xlsx
2025-08-18 17:53:07,164 - INFO - Current master row count: 212
2025-08-18 17:53:07,209 - INFO - Attachment preview:
  Facility  Customer Order Type  Dept#  ... Pallet QTY         Tracking No Units Per Pallet       EAN/UPC
0  18W-CAN  TPVISION    Regular    NaN  ...     0.0048                 NaN                3  840063203495
1  18W-CAN  TPVISION    Regular    NaN  ...     0.0757                 NaN                2  840063203563
2  18W-CAN  TPVISION    Regular    NaN  ...     0.0758                 NaN                2  840063203563
3  18W-CAN  TPVISION    Regular    NaN  ...     0.0082  1Z56E39W2016460389                3  840063201750
4  18W-CAN  TPVISION    Regular    NaN  ...     0.0278  1Z56E39W2016460389                2  840063202368

[5 rows x 54 columns]
2025-08-18 17:53:07,212 - INFO - Processed 3 emails, stopping.
2025-08-18 18:38:25,306 - INFO - Script started
2025-08-18 18:38:30,295 - INFO - Connected to Outlook Inbox
2025-08-18 18:38:32,722 - INFO - Loaded master file: master.xlsx (174 rows)
2025-08-18 18:38:33,896 - INFO - Downloaded attachment: 18WHE transaction nice col hf 08182025_1700.xlsx
2025-08-18 18:38:34,784 - INFO - Current master row count: 212
2025-08-18 18:38:34,923 - INFO - Attachment preview:
  Facility  Customer Order Type  Dept#  ... Pallet QTY         Tracking No Units Per Pallet       EAN/UPC
0  18W-CAN  TPVISION    Regular    NaN  ...     0.0048                 NaN                3  840063203495
1  18W-CAN  TPVISION    Regular    NaN  ...     0.0757                 NaN                2  840063203563
2  18W-CAN  TPVISION    Regular    NaN  ...     0.0758                 NaN                2  840063203563
3  18W-CAN  TPVISION    Regular    NaN  ...     0.0082  1Z56E39W2016460389                3  840063201750
4  18W-CAN  TPVISION    Regular    NaN  ...     0.0278  1Z56E39W2016460389                2  840063202368

[5 rows x 54 columns]
2025-08-18 18:38:35,304 - INFO - Downloaded attachment: 18WHE transaction nice col hf 08182025_1430.xlsx
2025-08-18 18:38:35,959 - INFO - Current master row count: 212
2025-08-18 18:38:36,051 - INFO - Attachment preview:
  Facility  Customer Order Type  Dept#  ... Pallet QTY         Tracking No Units Per Pallet       EAN/UPC
0  18W-CAN  TPVISION    Regular    NaN  ...     0.0048                 NaN                3  840063203495
1  18W-CAN  TPVISION    Regular    NaN  ...     0.0757                 NaN                2  840063203563
2  18W-CAN  TPVISION    Regular    NaN  ...     0.0758                 NaN                2  840063203563
3  18W-CAN  TPVISION    Regular    NaN  ...     0.0082  1Z56E39W2016460389                3  840063201750
4  18W-CAN  TPVISION    Regular    NaN  ...     0.0278  1Z56E39W2016460389                2  840063202368

[5 rows x 54 columns]
2025-08-18 18:38:36,143 - INFO - Downloaded attachment: 18WHE transaction nice col hf 08182025_1430.xlsx
2025-08-18 18:38:36,922 - INFO - Current master row count: 212
2025-08-18 18:38:37,009 - INFO - Attachment preview:
  Facility  Customer Order Type  Dept#  ... Pallet QTY         Tracking No Units Per Pallet       EAN/UPC
0  18W-CAN  TPVISION    Regular    NaN  ...     0.0048                 NaN                3  840063203495
1  18W-CAN  TPVISION    Regular    NaN  ...     0.0757                 NaN                2  840063203563
2  18W-CAN  TPVISION    Regular    NaN  ...     0.0758                 NaN                2  840063203563
3  18W-CAN  TPVISION    Regular    NaN  ...     0.0082  1Z56E39W2016460389                3  840063201750
4  18W-CAN  TPVISION    Regular    NaN  ...     0.0278  1Z56E39W2016460389                2  840063202368

[5 rows x 54 columns]
2025-08-18 18:38:37,012 - INFO - Processed 3 emails, stopping.
2025-08-18 18:38:37,611 - INFO - Master rows AFTER append: 212
2025-08-18 18:38:37,611 - INFO - Master file updated successfully.
2025-08-18 18:46:29,989 - INFO - Script started
2025-08-18 18:46:33,447 - INFO - Connected to Outlook Inbox
2025-08-18 18:46:34,588 - INFO - Loaded master file: master.xlsx (212 rows)
2025-08-18 18:46:35,068 - INFO - Downloaded attachment: 18WHE transaction nice col hf 08182025_1700.xlsx
2025-08-18 18:46:35,805 - INFO - Current master row count: 212
2025-08-18 18:46:35,969 - INFO - Attachment preview:
  Facility  Customer Order Type  Dept#  ... Pallet QTY         Tracking No Units Per Pallet       EAN/UPC
0  18W-CAN  TPVISION    Regular    NaN  ...     0.0048                 NaN                3  840063203495
1  18W-CAN  TPVISION    Regular    NaN  ...     0.0757                 NaN                2  840063203563
2  18W-CAN  TPVISION    Regular    NaN  ...     0.0758                 NaN                2  840063203563
3  18W-CAN  TPVISION    Regular    NaN  ...     0.0082  1Z56E39W2016460389                3  840063201750
4  18W-CAN  TPVISION    Regular    NaN  ...     0.0278  1Z56E39W2016460389                2  840063202368

[5 rows x 54 columns]
2025-08-18 18:46:36,359 - INFO - Downloaded attachment: 18WHE transaction nice col hf 08182025_1430.xlsx
2025-08-18 18:46:37,069 - INFO - Current master row count: 212
2025-08-18 18:46:37,164 - INFO - Attachment preview:
  Facility  Customer Order Type  Dept#  ... Pallet QTY         Tracking No Units Per Pallet       EAN/UPC
0  18W-CAN  TPVISION    Regular    NaN  ...     0.0048                 NaN                3  840063203495
1  18W-CAN  TPVISION    Regular    NaN  ...     0.0757                 NaN                2  840063203563
2  18W-CAN  TPVISION    Regular    NaN  ...     0.0758                 NaN                2  840063203563
3  18W-CAN  TPVISION    Regular    NaN  ...     0.0082  1Z56E39W2016460389                3  840063201750
4  18W-CAN  TPVISION    Regular    NaN  ...     0.0278  1Z56E39W2016460389                2  840063202368

[5 rows x 54 columns]
2025-08-18 18:46:37,300 - INFO - Downloaded attachment: 18WHE transaction nice col hf 08182025_1430.xlsx
2025-08-18 18:46:37,832 - INFO - Current master row count: 212
2025-08-18 18:46:37,925 - INFO - Attachment preview:
  Facility  Customer Order Type  Dept#  ... Pallet QTY         Tracking No Units Per Pallet       EAN/UPC
0  18W-CAN  TPVISION    Regular    NaN  ...     0.0048                 NaN                3  840063203495
1  18W-CAN  TPVISION    Regular    NaN  ...     0.0757                 NaN                2  840063203563
2  18W-CAN  TPVISION    Regular    NaN  ...     0.0758                 NaN                2  840063203563
3  18W-CAN  TPVISION    Regular    NaN  ...     0.0082  1Z56E39W2016460389                3  840063201750
4  18W-CAN  TPVISION    Regular    NaN  ...     0.0278  1Z56E39W2016460389                2  840063202368

[5 rows x 54 columns]
2025-08-18 18:46:37,929 - INFO - Processed 3 emails, stopping.
2025-08-18 18:46:38,616 - INFO - Master rows AFTER append: 212
2025-08-18 18:46:38,616 - INFO - Master file updated successfully.
